INFO 10/12/2022 07:20:09 AM Starting Demo...
INFO 10/12/2022 07:20:09 AM Fetching URI
DEBUG 10/12/2022 07:20:09 AM 'URL: https://zoom.us/oauth/devicecode?client_id=l70mg2aVQRib9JDww4yD2Q', 'headers: {'authorization': 'Basic bDcwbWcyYVZRUmliOUpEd3c0eUQyUTo5V21WUTFON2U0R28xV0dhZkw5bkdKTUpjQXRtVXpoUw=='}', 'body: {}'
DEBUG 10/12/2022 07:20:09 AM Starting new HTTPS connection (1): zoom.us:443
DEBUG 10/12/2022 07:20:10 AM https://zoom.us:443 "POST /oauth/devicecode?client_id=l70mg2aVQRib9JDww4yD2Q HTTP/1.1" 200 None
INFO 10/12/2022 07:20:10 AM 'Status: 200', 'RESPONSE: b'{"device_code":"fAwDb5pbGg9alOmq64dQ2aZZIqvQvk8Cg","user_code":"YSCRYDGK","verification_uri":"https://zoom.us/oauth_device","verification_uri_complete":"https://zoom.us/oauth/device/complete/Z1lyVjVEek5WTnNSdTlXZy1maWprbFg3cmZ5aTJGQWpXXzZJTUlRc19UQUswaG9SUG9YVXRKUFlwMUxTbFdSYk5CLV9Md25ZN0I0alVVcUEteHRYQ3JYNkdxTVZ1emQwNFFxRnYycGtSbVFQd055a2xBRVRXdGM5aFdEamlhT0NsX3A3SFowVEZiczV4MGpNWHkyWFJRR0J0WWNlZV9mbmYyWF9VZmE3MjljejJXM0VZZDQuUExFdERITWFyUU5XdWRybg","expires_in":900,"interval":5}''
INFO 10/12/2022 07:20:55 AM Starting Demo...
INFO 10/12/2022 07:20:55 AM Fetching URI
DEBUG 10/12/2022 07:20:55 AM 'URL: https://zoom.us/oauth/devicecode?client_id=l70mg2aVQRib9JDww4yD2Q', 'headers: {'authorization': 'Basic bDcwbWcyYVZRUmliOUpEd3c0eUQyUTo5V21WUTFON2U0R28xV0dhZkw5bkdKTUpjQXRtVXpoUw=='}', 'body: {}'
DEBUG 10/12/2022 07:20:55 AM Starting new HTTPS connection (1): zoom.us:443
DEBUG 10/12/2022 07:20:55 AM https://zoom.us:443 "POST /oauth/devicecode?client_id=l70mg2aVQRib9JDww4yD2Q HTTP/1.1" 200 None
INFO 10/12/2022 07:20:55 AM 'Status: 200', 'RESPONSE: b'{"device_code":"rHd1uZJJ7sPv1VL_ohcRYefEeqQrGY1xw","user_code":"HEYYVXKG","verification_uri":"https://zoom.us/oauth_device","verification_uri_complete":"https://zoom.us/oauth/device/complete/QUNFOHY5LVBmSG11Q19CUUtxcWw3OVJxOGV0NTFJOFlqTWNSYzRlbnlUekVmZEhvbEtpWGpqWU5Gemt5NGR0MlhoTzdnQlZYWUJ6Ykwyb245Vy1HbDItaTVVaWV6T3pHNDBqVlAzLTJaZTYzZV8zMXF4WGNJR1ZDcjYzZ2t2aVQtemQ0Ym9fZU8xR24wY21oMDBEOWtNMDdpMlFQaGlMRl9jNV9wZG83cHlaUXZTY3ZUYUUuekludEJScVpqOEVHWm41bw","expires_in":900,"interval":5}''
INFO 10/12/2022 07:22:37 AM Starting Demo...
INFO 10/12/2022 07:22:37 AM Fetching URI
DEBUG 10/12/2022 07:22:37 AM 'URL: https://zoom.us/oauth/devicecode?client_id=l70mg2aVQRib9JDww4yD2Q', 'headers: {'authorization': 'Basic bDcwbWcyYVZRUmliOUpEd3c0eUQyUTo5V21WUTFON2U0R28xV0dhZkw5bkdKTUpjQXRtVXpoUw=='}', 'body: {}'
DEBUG 10/12/2022 07:22:37 AM Starting new HTTPS connection (1): zoom.us:443
DEBUG 10/12/2022 07:22:38 AM https://zoom.us:443 "POST /oauth/devicecode?client_id=l70mg2aVQRib9JDww4yD2Q HTTP/1.1" 200 None
INFO 10/12/2022 07:22:38 AM 'Status: 200', 'RESPONSE: b'{"device_code":"qw0VfpwG2z62yWRcaTbSAK8sJIntBDKAg","user_code":"UIXXQJTG","verification_uri":"https://zoom.us/oauth_device","verification_uri_complete":"https://zoom.us/oauth/device/complete/TkdZNXMyNHpUeEVDdVVhRkFZNV9wT1pUSzVieHp0YW0ya2N6X05CYlZYMFdlc0w5WDhqMmNsczE0b2p0WnU0QUtNWmN3X2RaVXFIcG9leV9vcWw4dWprSUlfUDRlUHN1b3pIZ0xqRWRJb0dJQ0hhakJySzN6bm4xOEhXZUYyMEhCODlIb1hMT2JNakV6TjJYcVpkMjdVVHNKT3RwZEc1V2U5S3Y3U0RNeW5mTmxBVWg3RmMuRFIxdkpqQTViNUxxNE03TQ","expires_in":900,"interval":5}''
INFO 10/12/2022 07:27:24 AM Starting Demo...
INFO 10/12/2022 07:27:24 AM Fetching URI
DEBUG 10/12/2022 07:27:24 AM 'URL: https://zoom.us/oauth/devicecode?client_id=l70mg2aVQRib9JDww4yD2Q', 'headers: {'authorization': 'Basic bDcwbWcyYVZRUmliOUpEd3c0eUQyUTo5V21WUTFON2U0R28xV0dhZkw5bkdKTUpjQXRtVXpoUw=='}', 'body: {}'
DEBUG 10/12/2022 07:27:24 AM Starting new HTTPS connection (1): zoom.us:443
DEBUG 10/12/2022 07:27:24 AM https://zoom.us:443 "POST /oauth/devicecode?client_id=l70mg2aVQRib9JDww4yD2Q HTTP/1.1" 200 None
INFO 10/12/2022 07:27:24 AM 'Status: 200', 'RESPONSE: b'{"device_code":"MfjZgZJQA1bpTZ-gxZYSEaiqlBtrQR22w","user_code":"XRJVTTXE","verification_uri":"https://zoom.us/oauth_device","verification_uri_complete":"https://zoom.us/oauth/device/complete/WnJaSDhBNEo2TkxDTzRkTnFOTkRaLVJCQ29xckZldUo0T0FVa3Z5OEFvSVRmOUR6TzlrYVRLb3UwSmh5YnhxTzA1T25qRy1Cc2dRckxwbk96V21Oa0lWZ1pXNTM3SThINzdwSUFZY2NZTDJoZllRTDF4SW9rSURGVnlsX3FCQXBNamFmQ3NKOUk2TzFQaXFSV3dFdmFmdzRDaUxGSzNjckJFNkdaRnVkYXFmT3EteW9VSkkuUFg4WTNyYnlQVkZaaW5PSQ","expires_in":900,"interval":5}''
INFO 10/12/2022 07:28:27 AM Starting Demo...
INFO 10/12/2022 07:28:27 AM Fetching URI
DEBUG 10/12/2022 07:28:27 AM 'URL: https://zoom.us/oauth/devicecode?client_id=l70mg2aVQRib9JDww4yD2Q', 'headers: {'authorization': 'Basic bDcwbWcyYVZRUmliOUpEd3c0eUQyUTo5V21WUTFON2U0R28xV0dhZkw5bkdKTUpjQXRtVXpoUw=='}', 'body: {}'
DEBUG 10/12/2022 07:28:27 AM Starting new HTTPS connection (1): zoom.us:443
DEBUG 10/12/2022 07:28:28 AM https://zoom.us:443 "POST /oauth/devicecode?client_id=l70mg2aVQRib9JDww4yD2Q HTTP/1.1" 200 None
INFO 10/12/2022 07:28:28 AM 'Status: 200', 'RESPONSE: b'{"device_code":"bx0BpGdkF1TkWaVvJJ-STGjzB_k2neO4A","user_code":"BIVLYXKF","verification_uri":"https://zoom.us/oauth_device","verification_uri_complete":"https://zoom.us/oauth/device/complete/YzN1YnZ1eDVCWkdmdHhQR0ZIUnM3Nm10ZmhPZVFTTVhveE0wclV1WmpvRmFTRVo1cVRQN28ydzFsbUFwSDAwUFpZcTZRMXBTckR5bzBIVEc2RmNrMkFiNTdzTDlDdkZmZGo2eUQtUWRxcEFEV1JDZEQyS0FJVGxpMG1GQU90YldwcEZXUGZTdEZ6TmNSbEVtYkVwaXBhQUl5NFVNT1ktWlZOek9zT0F3aUJoU0trX3M0eFkuUFFGMzhvanJJbndubUN3cw","expires_in":900,"interval":5}''
INFO 10/12/2022 07:28:31 AM Fetching Oauth access token
DEBUG 10/12/2022 07:28:31 AM 'URL: https://zoom.us/oauth/token?grant_type=urn:ietf:params:oauth:grant-type:device_code&device_code=bx0BpGdkF1TkWaVvJJ-STGjzB_k2neO4A', 'headers: {'authorization': 'Basic bDcwbWcyYVZRUmliOUpEd3c0eUQyUTo5V21WUTFON2U0R28xV0dhZkw5bkdKTUpjQXRtVXpoUw=='}', 'body: {}'
DEBUG 10/12/2022 07:28:31 AM Starting new HTTPS connection (1): zoom.us:443
DEBUG 10/12/2022 07:28:31 AM https://zoom.us:443 "POST /oauth/token?grant_type=urn:ietf:params:oauth:grant-type:device_code&device_code=bx0BpGdkF1TkWaVvJJ-STGjzB_k2neO4A HTTP/1.1" 400 None
WARNING 10/12/2022 07:28:31 AM 'Status: 400', 'RESPONSE: b'{"reason":"Bad Request","error":"authorization_pending"}''
INFO 10/12/2022 07:34:16 AM Starting Demo...
INFO 10/12/2022 07:34:16 AM Fetching URI
DEBUG 10/12/2022 07:34:16 AM 'URL: https://zoom.us/oauth/devicecode?client_id=l70mg2aVQRib9JDww4yD2Q', 'headers: {'authorization': 'Basic bDcwbWcyYVZRUmliOUpEd3c0eUQyUTo5V21WUTFON2U0R28xV0dhZkw5bkdKTUpjQXRtVXpoUw=='}', 'body: {}'
DEBUG 10/12/2022 07:34:16 AM Starting new HTTPS connection (1): zoom.us:443
DEBUG 10/12/2022 07:34:16 AM https://zoom.us:443 "POST /oauth/devicecode?client_id=l70mg2aVQRib9JDww4yD2Q HTTP/1.1" 200 None
INFO 10/12/2022 07:34:16 AM 'Status: 200', 'RESPONSE: b'{"device_code":"0BNkfF7LSa08pLQcTxoTQmdndarMCBXcg","user_code":"YDIIRGUP","verification_uri":"https://zoom.us/oauth_device","verification_uri_complete":"https://zoom.us/oauth/device/complete/Z2JJTUpsLUpTUF9hU2RMX2FEMVU1M0YxOUp4U3AtUy1SOXFXeFB3bkoySURDNUVCNnlERHZMRTI1eWtXcjhyWHNRLTRPb1pUaHVsRWt3NmNGc1A2a3NWd0R6Mm9aUDVPOC1TTnFUaEh5a0xYdXk0OEgxcnRZVVJfNTliLTBndGJIcUg1UlpNMzBCWThrMnRwZDQydFRLR0hQMGpWQlhiZGtUbE05Y0NnQXUtcWJad2w2MXcuR21ReUZHNk94MzFTd2tFOA","expires_in":900,"interval":5}''
INFO 10/12/2022 07:37:01 AM Fetching Oauth access token
DEBUG 10/12/2022 07:37:01 AM 'URL: https://zoom.us/oauth/token?grant_type=urn:ietf:params:oauth:grant-type:device_code&device_code=0BNkfF7LSa08pLQcTxoTQmdndarMCBXcg', 'headers: {'authorization': 'Basic bDcwbWcyYVZRUmliOUpEd3c0eUQyUTo5V21WUTFON2U0R28xV0dhZkw5bkdKTUpjQXRtVXpoUw=='}', 'body: {}'
DEBUG 10/12/2022 07:37:01 AM Starting new HTTPS connection (1): zoom.us:443
DEBUG 10/12/2022 07:37:01 AM https://zoom.us:443 "POST /oauth/token?grant_type=urn:ietf:params:oauth:grant-type:device_code&device_code=0BNkfF7LSa08pLQcTxoTQmdndarMCBXcg HTTP/1.1" 400 None
WARNING 10/12/2022 07:37:01 AM 'Status: 400', 'RESPONSE: b'{"reason":"Bad Request","error":"authorization_pending"}''
INFO 10/12/2022 07:37:05 AM Starting Demo...
INFO 10/12/2022 07:37:05 AM Fetching URI
DEBUG 10/12/2022 07:37:05 AM 'URL: https://zoom.us/oauth/devicecode?client_id=l70mg2aVQRib9JDww4yD2Q', 'headers: {'authorization': 'Basic bDcwbWcyYVZRUmliOUpEd3c0eUQyUTo5V21WUTFON2U0R28xV0dhZkw5bkdKTUpjQXRtVXpoUw=='}', 'body: {}'
DEBUG 10/12/2022 07:37:05 AM Starting new HTTPS connection (1): zoom.us:443
DEBUG 10/12/2022 07:37:05 AM https://zoom.us:443 "POST /oauth/devicecode?client_id=l70mg2aVQRib9JDww4yD2Q HTTP/1.1" 200 None
INFO 10/12/2022 07:37:05 AM 'Status: 200', 'RESPONSE: b'{"device_code":"mrW1SX83z4B1rNNVI7zTeqf5HQIKxT27Q","user_code":"ZKQFFUNI","verification_uri":"https://zoom.us/oauth_device","verification_uri_complete":"https://zoom.us/oauth/device/complete/bDJlTU5NMlNDSGVZM0hfeF9Ea1Q2ZW45clVSbGk2ZlFtZDE2NGJMVmprTEctNGVwNTd6MDNfU1UtUVhvSjBMaHRpSWhZanRnMm1GY2c2bGZlNm1OREpzSFdLb0lKYTFLNVFOQmZ3VXllSTVTN2huQ3NNY3pQZ0dXWHotbS02QzlGeTBPMTFwSXhTYm1ZSVN6UVJmRThwTVFLRTVjS20ycHIyZDZ2U1dPVFQwVzgtcG45dTAuSWtqSjNxME1seTFXejRtaA","expires_in":900,"interval":5}''
INFO 10/12/2022 07:38:33 AM Starting Demo...
INFO 10/12/2022 07:38:33 AM Fetching URI
DEBUG 10/12/2022 07:38:33 AM 'URL: https://zoom.us/oauth/devicecode?client_id=l70mg2aVQRib9JDww4yD2Q', 'headers: {'authorization': 'Basic bDcwbWcyYVZRUmliOUpEd3c0eUQyUTo5V21WUTFON2U0R28xV0dhZkw5bkdKTUpjQXRtVXpoUw=='}', 'body: {}'
DEBUG 10/12/2022 07:38:33 AM Starting new HTTPS connection (1): zoom.us:443
DEBUG 10/12/2022 07:38:33 AM https://zoom.us:443 "POST /oauth/devicecode?client_id=l70mg2aVQRib9JDww4yD2Q HTTP/1.1" 200 None
INFO 10/12/2022 07:38:33 AM 'Status: 200', 'RESPONSE: b'{"device_code":"BGMcZg3mjV6rBkg97UeSWqxbZQe8E1UbQ","user_code":"NMTLNVCH","verification_uri":"https://zoom.us/oauth_device","verification_uri_complete":"https://zoom.us/oauth/device/complete/SWZRdVZtbWdKal8wbS1jZTRVaWNJemRkYkVGclVoMi1Ja193UzdlMUNWRkl0Slc4ZENxX253YVItRXZNaUY2SVJ2QU5ZYmE2Z2Jtc0VUbUpVSkU3VjJsb3VZSWVRcC0wU3owT0tlRnZGUnBkXzc1QzF3M21uVDVLczdYWEF1UHZOYUJiNGtJaGNxa21LMnQ0NkE3N0ZLVlluWXJIZHhrTDRhYzk3SUlLeXQwLVBNTEpGWGMuRzNZVzJPaEtVX1ROT0dBZg","expires_in":900,"interval":5}''
INFO 10/12/2022 07:40:14 AM Starting Demo...
INFO 10/12/2022 07:40:14 AM Fetching URI
DEBUG 10/12/2022 07:40:14 AM 'URL: https://zoom.us/oauth/devicecode?client_id=l70mg2aVQRib9JDww4yD2Q', 'headers: {'authorization': 'Basic bDcwbWcyYVZRUmliOUpEd3c0eUQyUTo5V21WUTFON2U0R28xV0dhZkw5bkdKTUpjQXRtVXpoUw=='}', 'body: {}'
DEBUG 10/12/2022 07:40:14 AM Starting new HTTPS connection (1): zoom.us:443
DEBUG 10/12/2022 07:40:14 AM https://zoom.us:443 "POST /oauth/devicecode?client_id=l70mg2aVQRib9JDww4yD2Q HTTP/1.1" 200 None
INFO 10/12/2022 07:40:14 AM 'Status: 200', 'RESPONSE: b'{"device_code":"4YBGZsGH6WtCFfwogifQYKGK1dQNXKQhw","user_code":"NCVCPKZQ","verification_uri":"https://zoom.us/oauth_device","verification_uri_complete":"https://zoom.us/oauth/device/complete/ZXhlTFRDUlRMNE1Cc1NGTWtld3V4LUFobHdkcmRCNVRrZ2Z0ajhQektVQS1kZ001bzNPOXpPRUVoRV8yNC1GS1BwVGRvay15WlJzaXA2MGpLUmFMbV9sMEY1eUgtSFN4S0F4cGJydEYycE8zbkE3RXEzd1c2TmtDdGplWmNMcS0wbEtQT1ZVLUs0dFpLMVVhbEdVNkY0VHRRZzJ3dzJWUlRjVHh0SzhBbXFmRGFPM1FmQ3cucXpjclhadDhqNUtUbk9veA","expires_in":900,"interval":5}''
INFO 10/12/2022 07:40:26 AM Fetching Oauth access token
DEBUG 10/12/2022 07:40:26 AM 'URL: https://zoom.us/oauth/token?grant_type=urn:ietf:params:oauth:grant-type:device_code&device_code=4YBGZsGH6WtCFfwogifQYKGK1dQNXKQhw', 'headers: {'authorization': 'Basic bDcwbWcyYVZRUmliOUpEd3c0eUQyUTo5V21WUTFON2U0R28xV0dhZkw5bkdKTUpjQXRtVXpoUw=='}', 'body: {}'
DEBUG 10/12/2022 07:40:26 AM Starting new HTTPS connection (1): zoom.us:443
DEBUG 10/12/2022 07:40:26 AM https://zoom.us:443 "POST /oauth/token?grant_type=urn:ietf:params:oauth:grant-type:device_code&device_code=4YBGZsGH6WtCFfwogifQYKGK1dQNXKQhw HTTP/1.1" 400 None
WARNING 10/12/2022 07:40:26 AM 'Status: 400', 'RESPONSE: b'{"reason":"Bad Request","error":"authorization_pending"}''
INFO 10/12/2022 07:40:29 AM Starting Demo...
INFO 10/12/2022 07:40:29 AM Fetching URI
DEBUG 10/12/2022 07:40:29 AM 'URL: https://zoom.us/oauth/devicecode?client_id=l70mg2aVQRib9JDww4yD2Q', 'headers: {'authorization': 'Basic bDcwbWcyYVZRUmliOUpEd3c0eUQyUTo5V21WUTFON2U0R28xV0dhZkw5bkdKTUpjQXRtVXpoUw=='}', 'body: {}'
DEBUG 10/12/2022 07:40:29 AM Starting new HTTPS connection (1): zoom.us:443
DEBUG 10/12/2022 07:40:29 AM https://zoom.us:443 "POST /oauth/devicecode?client_id=l70mg2aVQRib9JDww4yD2Q HTTP/1.1" 200 None
INFO 10/12/2022 07:40:29 AM 'Status: 200', 'RESPONSE: b'{"device_code":"zh3VaT0jZNewkPhuubEQyOunwnEBTVdIQ","user_code":"MUHUJWRT","verification_uri":"https://zoom.us/oauth_device","verification_uri_complete":"https://zoom.us/oauth/device/complete/a3AxVWdTenpHMmpKRjFyZjJJb0lEaW4wT09EaVRpNGhpS2xuYmhHYW5lVkJqNmppT1VfN0tFM18xSk80NlMxcTJZanQ2eV9lOXhrb1ZMenhIYXpmdVNyX0Zvb3J5dUFBZHQwNkhlX1hfQXpsaWFHT05UTkxRUG5kcUZLMHBheHUyTkVXaUFPUlZ6ajR6N3JDNlZVVGQyQ1loa1hfeW1ZRmxCZ01MWVBXR3JZcGFFQWVoeDAuWjZuZGZiMVA1MVFrQnVxUQ","expires_in":900,"interval":5}''
INFO 10/12/2022 07:40:49 AM Fetching Oauth access token
DEBUG 10/12/2022 07:40:49 AM 'URL: https://zoom.us/oauth/token?grant_type=urn:ietf:params:oauth:grant-type:device_code&device_code=zh3VaT0jZNewkPhuubEQyOunwnEBTVdIQ', 'headers: {'authorization': 'Basic bDcwbWcyYVZRUmliOUpEd3c0eUQyUTo5V21WUTFON2U0R28xV0dhZkw5bkdKTUpjQXRtVXpoUw=='}', 'body: {}'
DEBUG 10/12/2022 07:40:49 AM Starting new HTTPS connection (1): zoom.us:443
DEBUG 10/12/2022 07:40:49 AM https://zoom.us:443 "POST /oauth/token?grant_type=urn:ietf:params:oauth:grant-type:device_code&device_code=zh3VaT0jZNewkPhuubEQyOunwnEBTVdIQ HTTP/1.1" 400 None
WARNING 10/12/2022 07:40:49 AM 'Status: 400', 'RESPONSE: b'{"reason":"Bad Request","error":"authorization_pending"}''
INFO 10/12/2022 07:40:51 AM Starting Demo...
INFO 10/12/2022 07:40:51 AM Fetching URI
DEBUG 10/12/2022 07:40:51 AM 'URL: https://zoom.us/oauth/devicecode?client_id=l70mg2aVQRib9JDww4yD2Q', 'headers: {'authorization': 'Basic bDcwbWcyYVZRUmliOUpEd3c0eUQyUTo5V21WUTFON2U0R28xV0dhZkw5bkdKTUpjQXRtVXpoUw=='}', 'body: {}'
DEBUG 10/12/2022 07:40:51 AM Starting new HTTPS connection (1): zoom.us:443
DEBUG 10/12/2022 07:40:52 AM https://zoom.us:443 "POST /oauth/devicecode?client_id=l70mg2aVQRib9JDww4yD2Q HTTP/1.1" 200 None
INFO 10/12/2022 07:40:52 AM 'Status: 200', 'RESPONSE: b'{"device_code":"DiOOryd8gHwKD309uy4Th2hdSZNUn06WQ","user_code":"RGTDNUFD","verification_uri":"https://zoom.us/oauth_device","verification_uri_complete":"https://zoom.us/oauth/device/complete/N1FlaXljNlJUd29URnhDUDJMdmwzR0s0Z01IbXNYYXZIWFhCMEU2N01sdVJneHN1MVUzZGljV0FydVA5TzRfN1ZrUHZYR1R0VkZ6UmdFcjFCREVYQUdHY2ZaN3VoTGFkOUVvdGZ2cGZuNzBtdy1pZjlHbFZ6NzRXUUxGaFYyOHpOZFQ1T09vNjZrUGMtSl8zdUdaSTJlQXp5c21zX2c1QnNpbUwyRHcwV1VweVYzT056emcub0pINXlFNEh3dkNxY282ag","expires_in":900,"interval":5}''
INFO 10/12/2022 07:45:03 AM Fetching Oauth access token
DEBUG 10/12/2022 07:45:03 AM 'URL: https://zoom.us/oauth/token?grant_type=urn:ietf:params:oauth:grant-type:device_code&device_code=DiOOryd8gHwKD309uy4Th2hdSZNUn06WQ', 'headers: {'authorization': 'Basic bDcwbWcyYVZRUmliOUpEd3c0eUQyUTo5V21WUTFON2U0R28xV0dhZkw5bkdKTUpjQXRtVXpoUw=='}', 'body: {}'
DEBUG 10/12/2022 07:45:03 AM Starting new HTTPS connection (1): zoom.us:443
DEBUG 10/12/2022 07:45:03 AM https://zoom.us:443 "POST /oauth/token?grant_type=urn:ietf:params:oauth:grant-type:device_code&device_code=DiOOryd8gHwKD309uy4Th2hdSZNUn06WQ HTTP/1.1" 400 None
WARNING 10/12/2022 07:45:03 AM 'Status: 400', 'RESPONSE: b'{"reason":"Bad Request","error":"authorization_pending"}''
INFO 10/12/2022 07:45:06 AM Starting Demo...
INFO 10/12/2022 07:45:06 AM Fetching URI
DEBUG 10/12/2022 07:45:06 AM 'URL: https://zoom.us/oauth/devicecode?client_id=l70mg2aVQRib9JDww4yD2Q', 'headers: {'authorization': 'Basic bDcwbWcyYVZRUmliOUpEd3c0eUQyUTo5V21WUTFON2U0R28xV0dhZkw5bkdKTUpjQXRtVXpoUw=='}', 'body: {}'
DEBUG 10/12/2022 07:45:06 AM Starting new HTTPS connection (1): zoom.us:443
DEBUG 10/12/2022 07:45:07 AM https://zoom.us:443 "POST /oauth/devicecode?client_id=l70mg2aVQRib9JDww4yD2Q HTTP/1.1" 200 None
INFO 10/12/2022 07:45:07 AM 'Status: 200', 'RESPONSE: b'{"device_code":"Iz2OqcJJSVzJI6ocG7TSluvSpApGrbxMQ","user_code":"XAGKYHPC","verification_uri":"https://zoom.us/oauth_device","verification_uri_complete":"https://zoom.us/oauth/device/complete/X0ZPSDF5VE95aVROREpLWkRlYUhHX0p5TmdVak54TlpVN2NZdUdfLUVPeFpiVW82OGJhckRxQ0Q1LUZVRThHdVU0YTFHTVRrc2VhQkQtZ2NNV2ptam5TcVNJX3IxcGJ1SDFxZHNFblJjMnFXQ2VnbjlLc19kWlp3WkVyQzVfVjFxSUItRE9PVFJHUWdTQ2kyY0JUeGdxOFd4bkhIdURwbE03TGw2MTNvbmp3LUlYNzhDc0kuNHJveUVsNFB2OElvRVNvNA","expires_in":900,"interval":5}''
INFO 10/12/2022 07:48:17 AM Fetching Oauth access token
DEBUG 10/12/2022 07:48:17 AM 'URL: https://zoom.us/oauth/token?grant_type=urn:ietf:params:oauth:grant-type:device_code&device_code=Iz2OqcJJSVzJI6ocG7TSluvSpApGrbxMQ', 'headers: {'authorization': 'Basic bDcwbWcyYVZRUmliOUpEd3c0eUQyUTo5V21WUTFON2U0R28xV0dhZkw5bkdKTUpjQXRtVXpoUw=='}', 'body: {}'
DEBUG 10/12/2022 07:48:17 AM Starting new HTTPS connection (1): zoom.us:443
DEBUG 10/12/2022 07:48:17 AM https://zoom.us:443 "POST /oauth/token?grant_type=urn:ietf:params:oauth:grant-type:device_code&device_code=Iz2OqcJJSVzJI6ocG7TSluvSpApGrbxMQ HTTP/1.1" 400 None
WARNING 10/12/2022 07:48:18 AM 'Status: 400', 'RESPONSE: b'{"reason":"Bad Request","error":"authorization_pending"}''
INFO 10/12/2022 07:48:21 AM Starting Demo...
INFO 10/12/2022 07:48:21 AM Fetching URI
DEBUG 10/12/2022 07:48:21 AM 'URL: https://zoom.us/oauth/devicecode?client_id=l70mg2aVQRib9JDww4yD2Q', 'headers: {'authorization': 'Basic bDcwbWcyYVZRUmliOUpEd3c0eUQyUTo5V21WUTFON2U0R28xV0dhZkw5bkdKTUpjQXRtVXpoUw=='}', 'body: {}'
DEBUG 10/12/2022 07:48:21 AM Starting new HTTPS connection (1): zoom.us:443
DEBUG 10/12/2022 07:48:21 AM https://zoom.us:443 "POST /oauth/devicecode?client_id=l70mg2aVQRib9JDww4yD2Q HTTP/1.1" 200 None
INFO 10/12/2022 07:48:21 AM 'Status: 200', 'RESPONSE: b'{"device_code":"iZvzXH7lCjXtuI9uMuNRIKuiu2Nh9whjg","user_code":"CNTASKFE","verification_uri":"https://zoom.us/oauth_device","verification_uri_complete":"https://zoom.us/oauth/device/complete/dVlacXplQW96S2pZX1R4ekZTYTFwSDIzSUtKSFVPWE1HdDh5d1pNLVUzeHppSzZRc1RHNExub1pzeXdlSzFxZUM2UU5yZWhsaV9VVWVzV2p0XzJTaURZWG1IZ1BYUUUyZEtJOHByOURSRDVKSDIwazJSS2JiSmxWRGk1WlN3MnZWdDFfOWE1MFhnSU1OeGNtcHBISlBfWHJwUERGb0sxbzctRWVxYUdVX0xxMFRHVFJiZGMuSUtVOFlWRU5OenNEV25lUw","expires_in":900,"interval":5}''
INFO 10/12/2022 07:49:18 AM Fetching Oauth access token
DEBUG 10/12/2022 07:49:18 AM 'URL: https://zoom.us/oauth/token?grant_type=urn:ietf:params:oauth:grant-type:device_code&device_code=iZvzXH7lCjXtuI9uMuNRIKuiu2Nh9whjg', 'headers: {'authorization': 'Basic bDcwbWcyYVZRUmliOUpEd3c0eUQyUTo5V21WUTFON2U0R28xV0dhZkw5bkdKTUpjQXRtVXpoUw=='}', 'body: {}'
DEBUG 10/12/2022 07:49:18 AM Starting new HTTPS connection (1): zoom.us:443
DEBUG 10/12/2022 07:49:19 AM https://zoom.us:443 "POST /oauth/token?grant_type=urn:ietf:params:oauth:grant-type:device_code&device_code=iZvzXH7lCjXtuI9uMuNRIKuiu2Nh9whjg HTTP/1.1" 200 None
INFO 10/12/2022 07:49:19 AM 'Status: 200', 'RESPONSE: b'{"access_token":"eyJhbGciOiJIUzUxMiIsInYiOiIyLjAiLCJraWQiOiIyNmNkZjE1MC1jMWZlLTQ0ZjUtODVmZS1iZWY3NDY5MDc4OWYifQ.eyJ2ZXIiOjcsImF1aWQiOiJlMDFlYmFkYTIyYTVhYmM5MzAzNzgxNjgwMDNmZmQwNiIsImNvZGUiOiJpWnZ6WEg3bENqWHR1STl1TXVOUklLdWl1Mk5oOXdoamciLCJpc3MiOiJ6bTpjaWQ6bDcwbWcyYVZRUmliOUpEd3c0eUQyUSIsImdubyI6MCwidHlwZSI6MCwidGlkIjowLCJhdWQiOiJodHRwczovL29hdXRoLnpvb20udXMiLCJ1aWQiOiJxb29LcVFSd1JQZTI3VmdxSkRIeS13IiwibmJmIjoxNjY1NTgyNTU5LCJleHAiOjE2NjU1ODYxNTksImlhdCI6MTY2NTU4MjU1OSwiYWlkIjoiVmZfYlNLSUpUU0dPam1zZk9sbEVWQSIsImp0aSI6IjU2MDgxNDIzLWY5ZjktNDI1Yy04MTEwLWZkNDZjNWRlMWE5YiJ9.pVg0wQLcQW0loiYTpYgrUFk7jIXcEZZb0X9GIJyKBXMaC2Sck_XCvwMByX53o8_OVDbFygcT5s4sbfCT1K3Wbw","token_type":"bearer","refresh_token":"eyJhbGciOiJIUzUxMiIsInYiOiIyLjAiLCJraWQiOiJiMTZiYjEyZi0yN2QwLTRkZmUtODA1Yi04NWMxYWJlZGIzNGYifQ.eyJ2ZXIiOjcsImF1aWQiOiJlMDFlYmFkYTIyYTVhYmM5MzAzNzgxNjgwMDNmZmQwNiIsImNvZGUiOiJpWnZ6WEg3bENqWHR1STl1TXVOUklLdWl1Mk5oOXdoamciLCJpc3MiOiJ6bTpjaWQ6bDcwbWcyYVZRUmliOUpEd3c0eUQyUSIsImdubyI6MCwidHlwZSI6MSwidGlkIjowLCJhdWQiOiJodHRwczovL29hdXRoLnpvb20udXMiLCJ1aWQiOiJxb29LcVFSd1JQZTI3VmdxSkRIeS13IiwibmJmIjoxNjY1NTgyNTU5LCJleHAiOjIxMzg2MjI1NTksImlhdCI6MTY2NTU4MjU1OSwiYWlkIjoiVmZfYlNLSUpUU0dPam1zZk9sbEVWQSIsImp0aSI6ImUwMjI0OTUzLTViNjktNGYzOS1hYWVkLWM2NDhhZGFmMTdmNSJ9.JQBb4Wu_6Z7VkhT9j5QEudWFys6eEyp8DT3vuEx3tz_R7qAHKrj4bsgV6Z1adp8lVypIf2DQiTJdwp-DF03-mg","expires_in":3599,"scope":"meeting:write meeting_token:read:live_streaming user:read user:write user_info:read meeting:read user_zak:read meeting_token:read:local_recording"}''
INFO 10/12/2022 07:49:20 AM Fetching User Info
DEBUG 10/12/2022 07:49:20 AM 'URL: https://api.zoom.us/v2/users/me', 'headers: {'authorization': 'Bearer eyJhbGciOiJIUzUxMiIsInYiOiIyLjAiLCJraWQiOiIyNmNkZjE1MC1jMWZlLTQ0ZjUtODVmZS1iZWY3NDY5MDc4OWYifQ.eyJ2ZXIiOjcsImF1aWQiOiJlMDFlYmFkYTIyYTVhYmM5MzAzNzgxNjgwMDNmZmQwNiIsImNvZGUiOiJpWnZ6WEg3bENqWHR1STl1TXVOUklLdWl1Mk5oOXdoamciLCJpc3MiOiJ6bTpjaWQ6bDcwbWcyYVZRUmliOUpEd3c0eUQyUSIsImdubyI6MCwidHlwZSI6MCwidGlkIjowLCJhdWQiOiJodHRwczovL29hdXRoLnpvb20udXMiLCJ1aWQiOiJxb29LcVFSd1JQZTI3VmdxSkRIeS13IiwibmJmIjoxNjY1NTgyNTU5LCJleHAiOjE2NjU1ODYxNTksImlhdCI6MTY2NTU4MjU1OSwiYWlkIjoiVmZfYlNLSUpUU0dPam1zZk9sbEVWQSIsImp0aSI6IjU2MDgxNDIzLWY5ZjktNDI1Yy04MTEwLWZkNDZjNWRlMWE5YiJ9.pVg0wQLcQW0loiYTpYgrUFk7jIXcEZZb0X9GIJyKBXMaC2Sck_XCvwMByX53o8_OVDbFygcT5s4sbfCT1K3Wbw', 'content-type': 'application/json'}', 'body: {}'
DEBUG 10/12/2022 07:49:20 AM Starting new HTTPS connection (1): api.zoom.us:443
DEBUG 10/12/2022 07:49:20 AM https://api.zoom.us:443 "GET /v2/users/me HTTP/1.1" 200 741
INFO 10/12/2022 07:49:20 AM 'Status: 200', 'RESPONSE: b'{"id":"qooKqQRwRPe27VgqJDHy-w","first_name":"Jeremy","last_name":"Wright","email":"zoomdev@wearewright.com","type":2,"role_name":"Owner","pmi":7716151460,"use_pmi":false,"personal_meeting_url":"https://zoom.us/j/7716151460?pwd=RTVORGVRZlV0a25FZXB5SzJmejhiQT09","timezone":"America/Denver","verified":1,"dept":"","created_at":"2020-09-14T23:00:05Z","last_login_time":"2022-10-11T17:26:00Z","last_client_version":"5.7.4.804(win)","cms_user_id":"","jid":"qookqqrwrpe27vgqjdhy-w@xmpp.zoom.us","group_ids":[],"im_group_ids":[],"account_id":"Vf_bSKIJTSGOjmsfOllEVA","language":"en-US","phone_country":"","phone_number":"","status":"active","job_title":"","location":"","login_types":[100],"role_id":"0","account_number":7002131696,"cluster":"aw1"}''
INFO 10/12/2022 07:49:22 AM Fetching users Zak Token
DEBUG 10/12/2022 07:49:22 AM 'URL: https://api.zoom.us/v2/users/me/zak', 'headers: {'authorization': 'Bearer eyJhbGciOiJIUzUxMiIsInYiOiIyLjAiLCJraWQiOiIyNmNkZjE1MC1jMWZlLTQ0ZjUtODVmZS1iZWY3NDY5MDc4OWYifQ.eyJ2ZXIiOjcsImF1aWQiOiJlMDFlYmFkYTIyYTVhYmM5MzAzNzgxNjgwMDNmZmQwNiIsImNvZGUiOiJpWnZ6WEg3bENqWHR1STl1TXVOUklLdWl1Mk5oOXdoamciLCJpc3MiOiJ6bTpjaWQ6bDcwbWcyYVZRUmliOUpEd3c0eUQyUSIsImdubyI6MCwidHlwZSI6MCwidGlkIjowLCJhdWQiOiJodHRwczovL29hdXRoLnpvb20udXMiLCJ1aWQiOiJxb29LcVFSd1JQZTI3VmdxSkRIeS13IiwibmJmIjoxNjY1NTgyNTU5LCJleHAiOjE2NjU1ODYxNTksImlhdCI6MTY2NTU4MjU1OSwiYWlkIjoiVmZfYlNLSUpUU0dPam1zZk9sbEVWQSIsImp0aSI6IjU2MDgxNDIzLWY5ZjktNDI1Yy04MTEwLWZkNDZjNWRlMWE5YiJ9.pVg0wQLcQW0loiYTpYgrUFk7jIXcEZZb0X9GIJyKBXMaC2Sck_XCvwMByX53o8_OVDbFygcT5s4sbfCT1K3Wbw', 'content-type': 'application/json'}', 'body: {}'
DEBUG 10/12/2022 07:49:22 AM Starting new HTTPS connection (1): api.zoom.us:443
DEBUG 10/12/2022 07:49:22 AM https://api.zoom.us:443 "GET /v2/users/me/zak HTTP/1.1" 200 368
INFO 10/12/2022 07:49:22 AM 'Status: 200', 'RESPONSE: b'{"token":"eyJ0eXAiOiJKV1QiLCJzdiI6IjAwMDAwMSIsInptX3NrbSI6InptX28ybSIsImFsZyI6IkhTMjU2In0.eyJhdWQiOiJjbGllbnRzbSIsInVpZCI6InFvb0txUVJ3UlBlMjdWZ3FKREh5LXciLCJpc3MiOiJ3ZWIiLCJzayI6IjAiLCJzdHkiOjEwMCwid2NkIjoiYXcxIiwiY2x0IjowLCJleHAiOjE2NjU1ODI4NjIsImlhdCI6MTY2NTU4MjU2MiwiYWlkIjoiVmZfYlNLSUpUU0dPam1zZk9sbEVWQSIsImNpZCI6IiJ9.k6jogGCVazhitnTVZ1bqUxehocD5ZD8LQSvCJV2CgoI"}''
INFO 10/12/2022 07:53:19 AM Starting Demo...
INFO 10/12/2022 07:53:19 AM Fetching URI
DEBUG 10/12/2022 07:53:19 AM 'URL: https://zoom.us/oauth/devicecode?client_id=l70mg2aVQRib9JDww4yD2Q', 'headers: {'authorization': 'Basic bDcwbWcyYVZRUmliOUpEd3c0eUQyUTo5V21WUTFON2U0R28xV0dhZkw5bkdKTUpjQXRtVXpoUw=='}', 'body: {}'
DEBUG 10/12/2022 07:53:19 AM Starting new HTTPS connection (1): zoom.us:443
DEBUG 10/12/2022 07:53:20 AM https://zoom.us:443 "POST /oauth/devicecode?client_id=l70mg2aVQRib9JDww4yD2Q HTTP/1.1" 200 None
INFO 10/12/2022 07:53:20 AM 'Status: 200', 'RESPONSE: b'{"device_code":"tKXoNiKAtkmI5Rxx69mQwW5YSV47xgwAA","user_code":"LFGBLXLW","verification_uri":"https://zoom.us/oauth_device","verification_uri_complete":"https://zoom.us/oauth/device/complete/ZTZHOVdRMUNwV29CN20xN2JPZGlSdlpIb0FOVndVb2wyb09WU3BDLVRBQ1JkNlVfc1pIRU5Eb0drMUlKSG1JeXNnLTFvMmVkSEhlNHdwMVE0eVhHY3lFdEM1Z3VROXJWWEYwLWlfRWM3LW1XaTVCSWowM3dNVV9nNnhfbUM2dXlyb1RrbTc0S0IyMk4zbWpES0pVVzVBaDFuQ1pyVjczZXl1RlZ2bTh1TTFjTlZuTHVXMzQuNnd0R0liQWNOOW1BWFNsdw","expires_in":900,"interval":5}''
INFO 10/12/2022 07:53:51 AM Fetching Oauth access token
DEBUG 10/12/2022 07:53:51 AM 'URL: https://zoom.us/oauth/token?grant_type=urn:ietf:params:oauth:grant-type:device_code&device_code=tKXoNiKAtkmI5Rxx69mQwW5YSV47xgwAA', 'headers: {'authorization': 'Basic bDcwbWcyYVZRUmliOUpEd3c0eUQyUTo5V21WUTFON2U0R28xV0dhZkw5bkdKTUpjQXRtVXpoUw=='}', 'body: {}'
DEBUG 10/12/2022 07:53:51 AM Starting new HTTPS connection (1): zoom.us:443
DEBUG 10/12/2022 07:53:51 AM https://zoom.us:443 "POST /oauth/token?grant_type=urn:ietf:params:oauth:grant-type:device_code&device_code=tKXoNiKAtkmI5Rxx69mQwW5YSV47xgwAA HTTP/1.1" 200 None
INFO 10/12/2022 07:53:51 AM 'Status: 200', 'RESPONSE: b'{"access_token":"eyJhbGciOiJIUzUxMiIsInYiOiIyLjAiLCJraWQiOiI4MzA3MzUxMy00MzZhLTRlYzQtYmQxYy00OGQwMGJmNTE1NzMifQ.eyJ2ZXIiOjcsImF1aWQiOiJlMDFlYmFkYTIyYTVhYmM5MzAzNzgxNjgwMDNmZmQwNiIsImNvZGUiOiJ0S1hvTmlLQXRrbUk1Unh4NjltUXdXNVlTVjQ3eGd3QUEiLCJpc3MiOiJ6bTpjaWQ6bDcwbWcyYVZRUmliOUpEd3c0eUQyUSIsImdubyI6MCwidHlwZSI6MCwidGlkIjowLCJhdWQiOiJodHRwczovL29hdXRoLnpvb20udXMiLCJ1aWQiOiJxb29LcVFSd1JQZTI3VmdxSkRIeS13IiwibmJmIjoxNjY1NTgyODMxLCJleHAiOjE2NjU1ODY0MzEsImlhdCI6MTY2NTU4MjgzMSwiYWlkIjoiVmZfYlNLSUpUU0dPam1zZk9sbEVWQSIsImp0aSI6ImU5M2E2NWExLTY1MzEtNDg0Ni05MmQ3LWUwM2IwNjIxOTdmMSJ9.g00qOsa7po-TCmxa-D8LBA8PcM7GzeimwPpueDdEvnFvEWgvCM87qm2kM8RCGKquxoYciwRuwNhBLIx4aPXfuQ","token_type":"bearer","refresh_token":"eyJhbGciOiJIUzUxMiIsInYiOiIyLjAiLCJraWQiOiI3ODQ5ZWZjNy0xZDk0LTQ4NGUtOWVlZC05OWMwZmJkYzljNGMifQ.eyJ2ZXIiOjcsImF1aWQiOiJlMDFlYmFkYTIyYTVhYmM5MzAzNzgxNjgwMDNmZmQwNiIsImNvZGUiOiJ0S1hvTmlLQXRrbUk1Unh4NjltUXdXNVlTVjQ3eGd3QUEiLCJpc3MiOiJ6bTpjaWQ6bDcwbWcyYVZRUmliOUpEd3c0eUQyUSIsImdubyI6MCwidHlwZSI6MSwidGlkIjowLCJhdWQiOiJodHRwczovL29hdXRoLnpvb20udXMiLCJ1aWQiOiJxb29LcVFSd1JQZTI3VmdxSkRIeS13IiwibmJmIjoxNjY1NTgyODMxLCJleHAiOjIxMzg2MjI4MzEsImlhdCI6MTY2NTU4MjgzMSwiYWlkIjoiVmZfYlNLSUpUU0dPam1zZk9sbEVWQSIsImp0aSI6ImNjYzE2MGEyLTQyYTAtNGQwOC05YjNkLTIwYjU0ZGU5MWZjMCJ9.rsEyfxm7l-H6s5Ep17aBkSIoTroF16Gvzh4euP_F5S5DB5N9fOn-0fkNuy9GXiKgGGmWLeFg5HDsK0Bo5xv3zw","expires_in":3599,"scope":"meeting:write meeting_token:read:live_streaming user:read user:write user_info:read meeting:read user_zak:read meeting_token:read:local_recording"}''
INFO 10/12/2022 07:53:53 AM Fetching User Info
DEBUG 10/12/2022 07:53:53 AM 'URL: https://api.zoom.us/v2/users/me', 'headers: {'authorization': 'Bearer eyJhbGciOiJIUzUxMiIsInYiOiIyLjAiLCJraWQiOiI4MzA3MzUxMy00MzZhLTRlYzQtYmQxYy00OGQwMGJmNTE1NzMifQ.eyJ2ZXIiOjcsImF1aWQiOiJlMDFlYmFkYTIyYTVhYmM5MzAzNzgxNjgwMDNmZmQwNiIsImNvZGUiOiJ0S1hvTmlLQXRrbUk1Unh4NjltUXdXNVlTVjQ3eGd3QUEiLCJpc3MiOiJ6bTpjaWQ6bDcwbWcyYVZRUmliOUpEd3c0eUQyUSIsImdubyI6MCwidHlwZSI6MCwidGlkIjowLCJhdWQiOiJodHRwczovL29hdXRoLnpvb20udXMiLCJ1aWQiOiJxb29LcVFSd1JQZTI3VmdxSkRIeS13IiwibmJmIjoxNjY1NTgyODMxLCJleHAiOjE2NjU1ODY0MzEsImlhdCI6MTY2NTU4MjgzMSwiYWlkIjoiVmZfYlNLSUpUU0dPam1zZk9sbEVWQSIsImp0aSI6ImU5M2E2NWExLTY1MzEtNDg0Ni05MmQ3LWUwM2IwNjIxOTdmMSJ9.g00qOsa7po-TCmxa-D8LBA8PcM7GzeimwPpueDdEvnFvEWgvCM87qm2kM8RCGKquxoYciwRuwNhBLIx4aPXfuQ', 'content-type': 'application/json'}', 'body: {}'
DEBUG 10/12/2022 07:53:54 AM Starting new HTTPS connection (1): api.zoom.us:443
DEBUG 10/12/2022 07:53:54 AM https://api.zoom.us:443 "GET /v2/users/me HTTP/1.1" 200 741
INFO 10/12/2022 07:53:54 AM 'Status: 200', 'RESPONSE: b'{"id":"qooKqQRwRPe27VgqJDHy-w","first_name":"Jeremy","last_name":"Wright","email":"zoomdev@wearewright.com","type":2,"role_name":"Owner","pmi":7716151460,"use_pmi":false,"personal_meeting_url":"https://zoom.us/j/7716151460?pwd=RTVORGVRZlV0a25FZXB5SzJmejhiQT09","timezone":"America/Denver","verified":1,"dept":"","created_at":"2020-09-14T23:00:05Z","last_login_time":"2022-10-11T17:26:00Z","last_client_version":"5.7.4.804(win)","cms_user_id":"","jid":"qookqqrwrpe27vgqjdhy-w@xmpp.zoom.us","group_ids":[],"im_group_ids":[],"account_id":"Vf_bSKIJTSGOjmsfOllEVA","language":"en-US","phone_country":"","phone_number":"","status":"active","job_title":"","location":"","login_types":[100],"role_id":"0","account_number":7002131696,"cluster":"aw1"}''
INFO 10/12/2022 07:53:55 AM Fetching users Zak Token
DEBUG 10/12/2022 07:53:55 AM 'URL: https://api.zoom.us/v2/users/me/zak', 'headers: {'authorization': 'Bearer eyJhbGciOiJIUzUxMiIsInYiOiIyLjAiLCJraWQiOiI4MzA3MzUxMy00MzZhLTRlYzQtYmQxYy00OGQwMGJmNTE1NzMifQ.eyJ2ZXIiOjcsImF1aWQiOiJlMDFlYmFkYTIyYTVhYmM5MzAzNzgxNjgwMDNmZmQwNiIsImNvZGUiOiJ0S1hvTmlLQXRrbUk1Unh4NjltUXdXNVlTVjQ3eGd3QUEiLCJpc3MiOiJ6bTpjaWQ6bDcwbWcyYVZRUmliOUpEd3c0eUQyUSIsImdubyI6MCwidHlwZSI6MCwidGlkIjowLCJhdWQiOiJodHRwczovL29hdXRoLnpvb20udXMiLCJ1aWQiOiJxb29LcVFSd1JQZTI3VmdxSkRIeS13IiwibmJmIjoxNjY1NTgyODMxLCJleHAiOjE2NjU1ODY0MzEsImlhdCI6MTY2NTU4MjgzMSwiYWlkIjoiVmZfYlNLSUpUU0dPam1zZk9sbEVWQSIsImp0aSI6ImU5M2E2NWExLTY1MzEtNDg0Ni05MmQ3LWUwM2IwNjIxOTdmMSJ9.g00qOsa7po-TCmxa-D8LBA8PcM7GzeimwPpueDdEvnFvEWgvCM87qm2kM8RCGKquxoYciwRuwNhBLIx4aPXfuQ', 'content-type': 'application/json'}', 'body: {}'
DEBUG 10/12/2022 07:53:55 AM Starting new HTTPS connection (1): api.zoom.us:443
DEBUG 10/12/2022 07:53:56 AM https://api.zoom.us:443 "GET /v2/users/me/zak HTTP/1.1" 200 368
INFO 10/12/2022 07:53:56 AM 'Status: 200', 'RESPONSE: b'{"token":"eyJ0eXAiOiJKV1QiLCJzdiI6IjAwMDAwMSIsInptX3NrbSI6InptX28ybSIsImFsZyI6IkhTMjU2In0.eyJhdWQiOiJjbGllbnRzbSIsInVpZCI6InFvb0txUVJ3UlBlMjdWZ3FKREh5LXciLCJpc3MiOiJ3ZWIiLCJzayI6IjAiLCJzdHkiOjEwMCwid2NkIjoiYXcxIiwiY2x0IjowLCJleHAiOjE2NjU1ODMxMzYsImlhdCI6MTY2NTU4MjgzNiwiYWlkIjoiVmZfYlNLSUpUU0dPam1zZk9sbEVWQSIsImNpZCI6IiJ9.Duk2vKrLYNxrVII1UQEWIi7XsIF1VNpyqweQLtf2sIY"}''
INFO 10/12/2022 07:53:56 AM cleaning up from last session
